

/******************************************************************************************
* WriteStepFile diagnostics.
* Date:                           Sun Oct 25 11:10:12 2015 
* Produced by:                    The EXPRESS Data Manager Version 5.02.0100.07 : 28 Aug 2013
* Module:                         EDMstepFileFactory/EDMstandAlone
* Host:                           ABT1032W7L
* Database:                       C:\Users\bbs\AppData\Local\Temp\{0A505110-3E28-4B75-AC9A-0E879629BCA7}\ifc
* Database version:               5507
* Database creation date:         Sun Oct 25 11:09:52 2015
* Model:                          DataRepository.ifc
* Model creation date:            Sun Oct 25 11:09:53 2015
* Header model:                   DataRepository.ifc_HeaderModel
* Header model creation date:     Sun Oct 25 11:09:53 2015
* Step file:                      gaslab.ifc
* EDMuser:                        sdai-user
* EDMgroup:                       sdai-group
* License ID and type:            5605 : Permanent license. Expiry date: 
* EDMstepFileFactory options:     020000
******************************************************************************************/


------------------------------------------------------------------------------------------------
Operation terminated successfully.
------------------------------------------------------------------------------------------------

